<?xml version="1.0" encoding="UTF-8"?>
<!-- Generated by org.testng.reporters.JUnitReportReporter -->
<testsuite hostname="NEWT526" name="com.ecommerce.selenium.pagefactory.framework.salesforce" tests="1" failures="0" timestamp="15 Jan 2018 19:21:18 GMT" time="23.160" errors="0">
  <testcase name="Addtocart" time="23.160" classname="com.ecommerce.selenium.pagefactory.framework.salesforce"/>
</testsuite> <!-- com.ecommerce.selenium.pagefactory.framework.salesforce -->
